app/build/outputs/logs/manifest-merger-debug-report.txt
-- Merging decision tree log ---
manifest
ADDED from src\main\AndroidManifest.xml:2:1-55:12
	package
		ADDED from src\main\AndroidManifest.xml:3:5-44
		INJECTED from src\main\AndroidManifest.xml
		INJECTED from src\main\AndroidManifest.xml
	xmlns:android
		ADDED from src\main\AndroidManifest.xml:2:11-69
uses-sdk
ADDED from src\main\AndroidManifest.xml:4:5-44
	android:targetSdkVersion
		INJECTED from src\main\AndroidManifest.xml
		INJECTED from src\main\AndroidManifest.xml
	android:minSdkVersion
		ADDED from src\main\AndroidManifest.xml:4:15-41
		INJECTED from src\main\AndroidManifest.xml
		INJECTED from src\main\AndroidManifest.xml
uses-permission#android.permission.INTERNET
ADDED from src\main\AndroidManifest.xml:7:5-83
	android:name
		ADDED from src\main\AndroidManifest.xml:7:22-64
uses-permission#android.permission.ACCESS_WIFI_STATE
ADDED from src\main\AndroidManifest.xml:8:5-92
	android:name
		ADDED from src\main\AndroidManifest.xml:8:22-73
uses-permission#android.permission.CHANGE_WIFI_STATE
ADDED from src\main\AndroidManifest.xml:9:5-92
	android:name
		ADDED from src\main\AndroidManifest.xml:9:22-73
uses-permission#android.permission.CHANGE_WIFI_MULTICAST_STATE
ADDED from src\main\AndroidManifest.xml:10:5-102
	android:name
		ADDED from src\main\AndroidManifest.xml:10:22-83
application
ADDED from src\main\AndroidManifest.xml:13:5-54:19
	android:label
		ADDED from src\main\AndroidManifest.xml:15:9-41
	android:icon
		ADDED from src\main\AndroidManifest.xml:14:9-38
	android:name
		ADDED from src\main\AndroidManifest.xml:16:9-70
activity#org.proyecto.ricardo.p2ptrain.MainActivity
ADDED from src\main\AndroidManifest.xml:18:9-27:20
	android:label
		ADDED from src\main\AndroidManifest.xml:20:13-45
	android:icon
		ADDED from src\main\AndroidManifest.xml:21:13-42
	android:name
		ADDED from src\main\AndroidManifest.xml:19:13-41
intent-filter#android.intent.action.MAIN+android.intent.category.LAUNCHER
ADDED from src\main\AndroidManifest.xml:23:13-26:29
action#android.intent.action.MAIN
ADDED from src\main\AndroidManifest.xml:24:17-69
	android:name
		ADDED from src\main\AndroidManifest.xml:24:25-66
category#android.intent.category.LAUNCHER
ADDED from src\main\AndroidManifest.xml:25:17-77
	android:name
		ADDED from src\main\AndroidManifest.xml:25:27-74
activity#org.proyecto.ricardo.p2ptrain.TabWidget
ADDED from src\main\AndroidManifest.xml:29:9-32:20
	android:windowSoftInputMode
		ADDED from src\main\AndroidManifest.xml:31:13-64
	android:name
		ADDED from src\main\AndroidManifest.xml:30:13-67
activity#org.proyecto.ricardo.p2ptrain.HostActivity
ADDED from src\main\AndroidManifest.xml:34:9-38:20
	android:label
		ADDED from src\main\AndroidManifest.xml:37:13-59
	android:windowSoftInputMode
		ADDED from src\main\AndroidManifest.xml:36:13-55
	android:name
		ADDED from src\main\AndroidManifest.xml:35:13-70
activity#org.proyecto.ricardo.p2ptrain.ChatActivity
ADDED from src\main\AndroidManifest.xml:40:9-43:20
	android:label
		ADDED from src\main\AndroidManifest.xml:42:13-67
	android:name
		ADDED from src\main\AndroidManifest.xml:41:13-41
activity#org.proyecto.ricardo.p2ptrain.HistoricActivity
ADDED from src\main\AndroidManifest.xml:45:9-48:20
	android:label
		ADDED from src\main\AndroidManifest.xml:47:13-65
	android:name
		ADDED from src\main\AndroidManifest.xml:46:13-45
service#org.proyecto.ricardo.p2ptrain.AllJoynService
ADDED from src\main\AndroidManifest.xml:50:9-52:19
	android:name
		ADDED from src\main\AndroidManifest.xml:51:13-72